<?xml version="1.0" encoding="UTF-8"?>
<!-- Generated by org.testng.reporters.JUnitReportReporter -->
<testsuite hostname="DESKTOP-2L7QON7" failures="0" tests="1" name="com.testng.demo.SeleniumMethods7" time="8.302" errors="0" timestamp="2023-09-16T20:34:01 IST" skipped="0">
  <testcase classname="com.testng.demo.SeleniumMethods7" name="verifyLangLinks" time="8.302"/>
  <system-out/>
</testsuite> <!-- com.testng.demo.SeleniumMethods7 -->
