<?xml version="1.0" encoding="UTF-8"?>
<!-- Generated by org.testng.reporters.JUnitReportReporter -->
<testsuite hostname="DESKTOP-2L7QON7" failures="0" tests="3" name="com.testng.demo.TestNGDemo1" time="0.072" errors="0" timestamp="2023-09-09T23:25:18 ICT" skipped="0">
  <testcase classname="com.testng.demo.TestNGDemo1" name="testcase1" time="0.008"/>
  <system-out/>
  <testcase classname="com.testng.demo.TestNGDemo1" name="abc_testCase3" time="0.032"/>
  <system-out/>
  <testcase classname="com.testng.demo.TestNGDemo1" name="testcase2" time="0.032"/>
  <system-out/>
</testsuite> <!-- com.testng.demo.TestNGDemo1 -->
