<?xml version="1.0" encoding="UTF-8"?>
<!-- Generated by org.testng.reporters.JUnitReportReporter -->
<testsuite hostname="DESKTOP-2L7QON7" failures="0" tests="1" name="com.testng.demo.SeleniumMethods2" time="12.314" errors="0" timestamp="2023-09-10T20:45:39 IST" skipped="0">
  <testcase classname="com.testng.demo.SeleniumMethods2" name="launchApp" time="12.314"/>
  <system-out/>
</testsuite> <!-- com.testng.demo.SeleniumMethods2 -->
