<?xml version="1.0" encoding="UTF-8"?>
<!-- Generated by org.testng.reporters.JUnitReportReporter -->
<testsuite hostname="DESKTOP-2L7QON7" failures="0" tests="2" name="com.testng.demo.TestNGDemo2" time="0.006" errors="0" timestamp="2023-09-09T20:31:02 IST" skipped="0">
  <testcase classname="com.testng.demo.TestNGDemo2" name="testcase3" time="0.004"/>
  <system-out/>
  <testcase classname="com.testng.demo.TestNGDemo2" name="testcase4" time="0.002"/>
  <system-out/>
</testsuite> <!-- com.testng.demo.TestNGDemo2 -->
