<?xml version="1.0" encoding="UTF-8"?>
<!-- Generated by org.testng.reporters.JUnitReportReporter -->
<testsuite hostname="DESKTOP-2L7QON7" failures="0" tests="1" name="com.testng.demo.SeleniumMethods8" time="25.468" errors="0" timestamp="2023-09-16T20:48:25 IST" skipped="0">
  <testcase classname="com.testng.demo.SeleniumMethods8" name="verifyLangLinks" time="25.468"/>
  <system-out/>
</testsuite> <!-- com.testng.demo.SeleniumMethods8 -->
