<?xml version="1.0" encoding="UTF-8"?>
<!-- Generated by org.testng.reporters.JUnitReportReporter -->
<testsuite hostname="DESKTOP-2L7QON7" failures="0" tests="3" name="com.app.tests.SpeakLangTests" time="31.313" errors="0" timestamp="2023-11-01T09:13:01 ICT" skipped="2">
  <testcase classname="com.app.tests.SpeakLangTests" name="verifySignUp" time="31.313"/>
  <system-out/>
  <testcase classname="com.app.tests.SpeakLangTests" name="verifyHomePage">
    <skipped/>
  </testcase> <!-- verifyHomePage -->
  <system-out/>
  <testcase classname="com.app.tests.SpeakLangTests" name="verifyAppLogin">
    <skipped/>
  </testcase> <!-- verifyAppLogin -->
  <system-out/>
</testsuite> <!-- com.app.tests.SpeakLangTests -->
