<?xml version="1.0" encoding="UTF-8"?>
<!-- Generated by org.testng.reporters.JUnitReportReporter -->
<testsuite hostname="DESKTOP-2L7QON7" failures="0" tests="1" name="com.testng.demo.SeleniumMethods3" time="23.787" errors="0" timestamp="2023-09-10T23:24:09 ICT" skipped="0">
  <testcase classname="com.testng.demo.SeleniumMethods3" name="launchApp" time="23.787"/>
  <system-out/>
</testsuite> <!-- com.testng.demo.SeleniumMethods3 -->
