<?xml version="1.0" encoding="UTF-8"?>
<!-- Generated by org.testng.reporters.JUnitReportReporter -->
<testsuite hostname="DESKTOP-2L7QON7" failures="0" tests="1" name="com.app.tests.SpeakLangTests" time="31.871" errors="0" timestamp="2023-09-17T01:25:14 ICT" skipped="0">
  <testcase classname="com.app.tests.SpeakLangTests" name="verifySignUp" time="31.871"/>
  <system-out/>
</testsuite> <!-- com.app.tests.SpeakLangTests -->
