<?xml version="1.0" encoding="UTF-8"?>
<!-- Generated by org.testng.reporters.JUnitReportReporter -->
<testsuite hostname="DESKTOP-2L7QON7" failures="0" tests="1" name="com.testng.demo.SeleniumMethods5" time="18.588" errors="0" timestamp="2023-09-11T00:08:24 ICT" skipped="0">
  <testcase classname="com.testng.demo.SeleniumMethods5" name="launchApp" time="18.588"/>
  <system-out/>
</testsuite> <!-- com.testng.demo.SeleniumMethods5 -->
